%!Adobe-FontList 1.15
%Locale:0x419

%BeginFont
Handler:DirectoryHandler
FontType:TrueType
FontName:ArialMT
FamilyName:Arial
StyleName:Regular
FullName:Arial
MenuName:Arial
StyleBits:0
WritingScript:Roman
OutlineFileName:D:\Sites\NEED\ip-instry\Папка lp-instrymenty\Document fonts\arial.ttf
DataFormat:sfntData
FileLength:755624
FileModTime:1353114381
WeightClass:400
WidthClass:5
AngleClass:0
NameArray:0,Mac,4,Arial
NameArray:0,Win,1,Arial
%EndFont

%BeginFont
Handler:DirectoryHandler
FontType:TrueType
FontName:Arial-BoldMT
FamilyName:Arial
StyleName:Bold
FullName:Arial Bold
MenuName:Arial
StyleBits:2
WritingScript:Roman
OutlineFileName:D:\Sites\NEED\ip-instry\Папка lp-instrymenty\Document fonts\arialbd.ttf
DataFormat:sfntData
FileLength:718264
FileModTime:1353114381
WeightClass:700
WidthClass:5
AngleClass:0
NameArray:0,Mac,4,Arial Bold
NameArray:0,Win,1,Arial
%EndFont

%BeginFont
Handler:DirectoryHandler
FontType:TrueType
FontName:Arial-ItalicMT
FamilyName:Arial
StyleName:Italic
FullName:Arial Italic
MenuName:Arial
StyleBits:1
WritingScript:Roman
OutlineFileName:D:\Sites\NEED\ip-instry\Папка lp-instrymenty\Document fonts\ariali.ttf
DataFormat:sfntData
FileLength:530880
FileModTime:1338672331
WeightClass:400
WidthClass:5
AngleClass:1
NameArray:0,Mac,4,Arial Italic
NameArray:0,Win,1,Arial
%EndFont

%BeginFont
Handler:DirectoryHandler
FontType:Type1
FontName:MinionPro-Regular
FamilyName:Minion Pro
StyleName:Regular
FullName:Minion Pro
MenuName:Minion Pro
StyleBits:0
WritingScript:Roman
OutlineFileName:D:\Sites\NEED\ip-instry\Папка lp-instrymenty\Document fonts\MinionPro-Regular.otf
DataFormat:sfntData
UsesStandardEncoding:yes
isCFF:yes
FileLength:217280
FileModTime:1329299626
WeightClass:400
WidthClass:5
AngleClass:0
DesignSize:110
NameArray:0,Mac,4,Minion Pro
NameArray:0,Win,1,Minion Pro
%EndFont

